<?xml version="1.0" encoding="UTF-8"?>
<!-- Generated by org.testng.reporters.JUnitReportReporter -->
<testsuite hostname="Divyas-MacBook-Air.local" failures="0" tests="2" name="chaining.CreateBooking" time="1.599" errors="0" timestamp="2023-08-14T23:18:33 CEST" skipped="0">
  <testcase classname="chaining.CreateBooking" name="createToken" time="0.800"/>
  <system-out/>
  <testcase classname="chaining.CreateBooking" name="createBooking" time="0.799"/>
  <system-out/>
</testsuite> <!-- chaining.CreateBooking -->
