<?xml version="1.0" encoding="UTF-8"?>
<!-- Generated by org.testng.reporters.JUnitReportReporter -->
<testsuite hostname="Divyas-MacBook-Air.local" failures="0" tests="2" name="chaining.DeleteBooking" time="1.393" errors="0" timestamp="2023-08-14T23:18:33 CEST" skipped="0">
  <testcase classname="chaining.DeleteBooking" name="createToken" time="0.802"/>
  <system-out/>
  <testcase classname="chaining.DeleteBooking" name="deleteBooking" time="0.591"/>
  <system-out/>
</testsuite> <!-- chaining.DeleteBooking -->
