<?xml version="1.0" encoding="UTF-8"?>
<!-- Generated by org.testng.reporters.JUnitReportReporter -->
<testsuite hostname="Divyas-MacBook-Air.local" failures="0" tests="2" name="chaining.UpdateBooking" time="1.583" errors="0" timestamp="2023-08-14T23:18:33 CEST" skipped="0">
  <testcase classname="chaining.UpdateBooking" name="createToken" time="0.952"/>
  <system-out/>
  <testcase classname="chaining.UpdateBooking" name="updateBooking" time="0.631"/>
  <system-out/>
</testsuite> <!-- chaining.UpdateBooking -->
