<?xml version="1.0" encoding="UTF-8"?>
<!-- Generated by org.testng.reporters.JUnitReportReporter -->
<testsuite hostname="Divyas-MacBook-Air.local" failures="0" tests="1" name="chaining.HealthCheck" time="2.693" errors="0" timestamp="2023-08-15T08:27:31 CEST" skipped="0">
  <testcase classname="chaining.HealthCheck" name="healthCheck" time="2.693"/>
  <system-out/>
</testsuite> <!-- chaining.HealthCheck -->
