<?xml version="1.0" encoding="UTF-8"?>
<!-- Generated by org.testng.reporters.JUnitReportReporter -->
<testsuite hostname="Divyas-MacBook-Air.local" failures="0" tests="2" name="chaining.PartialUpdate" time="1.288" errors="0" timestamp="2023-08-14T23:18:33 CEST" skipped="0">
  <testcase classname="chaining.PartialUpdate" name="createToken" time="0.707"/>
  <system-out/>
  <testcase classname="chaining.PartialUpdate" name="partialUpdate" time="0.581"/>
  <system-out/>
</testsuite> <!-- chaining.PartialUpdate -->
