<?xml version="1.0" encoding="UTF-8"?>
<!-- Generated by org.testng.reporters.JUnitReportReporter -->
<testsuite hostname="Divyas-MacBook-Air.local" failures="0" tests="1" name="jira.CreateIssue" time="3.774" errors="0" timestamp="2023-08-15T21:37:41 CEST" skipped="0">
  <testcase classname="jira.CreateIssue" name="createIssue" time="3.774"/>
  <system-out/>
</testsuite> <!-- jira.CreateIssue -->
