<?xml version="1.0" encoding="UTF-8"?>
<!-- Generated by org.testng.reporters.JUnitReportReporter -->
<testsuite hostname="Divyas-MacBook-Air.local" failures="0" tests="1" name="petStore.CreateUser" time="3.003" errors="0" timestamp="2023-08-17T17:41:33 CEST" skipped="0">
  <testcase classname="petStore.CreateUser" name="createUser" time="3.003"/>
  <system-out/>
</testsuite> <!-- petStore.CreateUser -->
