<?xml version="1.0" encoding="UTF-8"?>
<!-- Generated by org.testng.reporters.JUnitReportReporter -->
<testsuite hostname="Divyas-MacBook-Air.local" failures="0" tests="1" name="herokuapp.UpdateBooking" time="0.000" errors="0" timestamp="2023-08-14T22:45:47 CEST" skipped="1">
  <testcase classname="herokuapp.UpdateBooking" name="updateBooking" time="0.000">
    <skipped/>
  </testcase> <!-- updateBooking -->
  <system-out/>
</testsuite> <!-- herokuapp.UpdateBooking -->
