<?xml version="1.0" encoding="UTF-8"?>
<!-- Generated by org.testng.reporters.JUnitReportReporter -->
<testsuite hostname="Divyas-MacBook-Air.local" failures="0" tests="1" name="herokuapp.DeleteBooking" time="0.000" errors="0" timestamp="2023-08-14T22:16:51 CEST" skipped="1">
  <testcase classname="herokuapp.DeleteBooking" name="deleteBooking" time="0.000">
    <skipped/>
  </testcase> <!-- deleteBooking -->
  <system-out/>
</testsuite> <!-- herokuapp.DeleteBooking -->
