<?xml version="1.0" encoding="UTF-8"?>
<!-- Generated by org.testng.reporters.JUnitReportReporter -->
<testsuite hostname="Divyas-MacBook-Air.local" failures="0" tests="2" name="chaining.GetBookingID" time="4.596" errors="0" timestamp="2023-08-14T23:18:33 CEST" skipped="0">
  <testcase classname="chaining.GetBookingID" name="createToken" time="3.777"/>
  <system-out/>
  <testcase classname="chaining.GetBookingID" name="getBookingID" time="0.819"/>
  <system-out/>
</testsuite> <!-- chaining.GetBookingID -->
