<?xml version="1.0" encoding="UTF-8"?>
<!-- Generated by org.testng.reporters.JUnitReportReporter -->
<testsuite hostname="Divyas-MacBook-Air.local" failures="0" tests="1" name="chaining.GetAllBookings" time="2.859" errors="0" timestamp="2023-08-15T08:24:47 CEST" skipped="0">
  <testcase classname="chaining.GetAllBookings" name="getAllBookings" time="2.859"/>
  <system-out/>
</testsuite> <!-- chaining.GetAllBookings -->
